{"name": "test_registration_001", "status": "failed", "statusDetails": {"message": "AssertionError: assert False", "trace": "self = <testCases.test_UserRegisteration.Test_registration object at 0x0000016BC0058110>\nsetup = <selenium.webdriver.chrome.webdriver.WebDriver (session=\"a101a44642694f9afeaa5bfb11cae08b\")>\n\n    @pytest.mark.sanity\n    def test_registration_001(self, setup):\n        self.log.info(\"Testcases test_registration_001 is started\")\n        self.driver = setup\n        self.log.info(\"Invoking browser\")\n        self.log.info(\"Opening Url\")\n        self.rp = UserRegistrationClass(self.driver)\n        self.rp.Click_LinkRegister()\n        self.log.info(\"Clicking on Register link\")\n        self.rp.Enter_Username(\"Test User\")\n        self.log.info(\"Entering username\")\n        self.rp.Enter_Email(\"test11231bdfb23@credence.in\")\n        self.log.info(\"Entering Email\")\n        self.rp.Enter_Password(\"test@123\")\n        self.log.info(\"Entering Password\")\n        self.rp.Enter_ConfirmPassword(\"test@123\")\n        self.log.info(\"Entering Confirm Password\")\n        self.rp.Click_Register_Button()\n        self.log.info(\"Clicking on Register\")\n        if self.rp.Status() == True:\n            self.log.info(\"Testcases test_registration_001 is passed\")\n            self.driver.save_screenshot(\n                \"D:\\\\Credence Python Projects by Tushar \"\n                \"Sir\\\\Automation_Credkart\\\\Screenshots\\\\test_registration_001_pass.png\")\n            assert True\n        else:\n            self.log.info(\"Testcases test_registration_001 is failed\")\n            self.driver.save_screenshot(\n                \"D:\\\\Credence Python Projects by Tushar \"\n                \"Sir\\\\Automation_Credkart\\\\Screenshots\\\\test_registration_001_fail.png\")\n>           assert False\nE           assert False\n\ntestCases\\test_UserRegisteration.py:44: AssertionError"}, "attachments": [{"name": "log", "source": "15d2f970-05ba-4823-b44c-bc22899e5684-attachment.txt", "type": "text/plain"}, {"name": "stdout", "source": "37843fa7-7c9c-4791-9696-7755b92eee2b-attachment.txt", "type": "text/plain"}], "start": 1687409939595, "stop": 1687409941352, "uuid": "a6651f37-21db-46fd-a214-1353e09faf1e", "historyId": "4741148de797ba8c12efc69d1560366c", "testCaseId": "4741148de797ba8c12efc69d1560366c", "fullName": "testCases.test_UserRegisteration.Test_registration#test_registration_001", "labels": [{"name": "tag", "value": "sanity"}, {"name": "parentSuite", "value": "testCases"}, {"name": "suite", "value": "test_UserRegisteration"}, {"name": "subSuite", "value": "Test_registration"}, {"name": "host", "value": "Tushar-Pc"}, {"name": "thread", "value": "11764-MainThread"}, {"name": "framework", "value": "pytest"}, {"name": "language", "value": "cpython3"}, {"name": "package", "value": "testCases.test_UserRegisteration"}]}